<?xml version="1.0" encoding="UTF-8"?>
<!-- Generated by org.testng.reporters.JUnitXMLReporter -->
<testsuite hostname="DELL" ignored="0" name="Smoke Testing" tests="3" failures="0" timestamp="17 Feb 2018 15:12:04 GMT" time="60.821" errors="0">
  <testcase name="verifyHomePageUsername" time="0.111" classname="com.qa.crm.tests.HomePageTest"/>
  <testcase name="login" time="6.698" classname="com.qa.crm.tests.LoginPageTests"/>
  <testcase name="clickOnContacts" time="1.798" classname="com.qa.crm.tests.HomePageTest"/>
</testsuite> <!-- Smoke Testing -->
