<?xml version="1.0" encoding="UTF-8"?>
<testng-results skipped="0" failed="0" ignored="0" total="3" passed="3">
  <reporter-output>
  </reporter-output>
  <suite name="Free CRM Automation Testing Suite" duration-ms="60821" started-at="2018-02-17T15:11:03Z" finished-at="2018-02-17T15:12:04Z">
    <groups>
    </groups>
    <test name="Smoke Testing" duration-ms="60821" started-at="2018-02-17T15:11:03Z" finished-at="2018-02-17T15:12:04Z">
      <class name="com.qa.crm.tests.HomePageTest">
        <test-method status="PASS" signature="setUp()[pri:0, instance:com.qa.crm.tests.HomePageTest@685cb137]" name="setUp" is-config="true" duration-ms="19417" started-at="2018-02-17T15:11:03Z" finished-at="2018-02-17T15:11:22Z">
          <reporter-output>
          </reporter-output>
        </test-method> <!-- setUp -->
        <test-method status="PASS" signature="verifyHomePageUsername()[pri:1, instance:com.qa.crm.tests.HomePageTest@685cb137]" name="verifyHomePageUsername" duration-ms="111" started-at="2018-02-17T15:11:22Z" finished-at="2018-02-17T15:11:22Z">
          <reporter-output>
          </reporter-output>
        </test-method> <!-- verifyHomePageUsername -->
        <test-method status="PASS" signature="tearDown()[pri:0, instance:com.qa.crm.tests.HomePageTest@685cb137]" name="tearDown" is-config="true" duration-ms="186" started-at="2018-02-17T15:11:22Z" finished-at="2018-02-17T15:11:23Z">
          <reporter-output>
          </reporter-output>
        </test-method> <!-- tearDown -->
        <test-method status="PASS" signature="setUp()[pri:0, instance:com.qa.crm.tests.HomePageTest@685cb137]" name="setUp" is-config="true" duration-ms="19498" started-at="2018-02-17T15:11:42Z" finished-at="2018-02-17T15:12:02Z">
          <reporter-output>
          </reporter-output>
        </test-method> <!-- setUp -->
        <test-method status="PASS" signature="clickOnContacts()[pri:2, instance:com.qa.crm.tests.HomePageTest@685cb137]" name="clickOnContacts" duration-ms="1798" started-at="2018-02-17T15:12:02Z" finished-at="2018-02-17T15:12:03Z">
          <reporter-output>
          </reporter-output>
        </test-method> <!-- clickOnContacts -->
        <test-method status="PASS" signature="tearDown()[pri:0, instance:com.qa.crm.tests.HomePageTest@685cb137]" name="tearDown" is-config="true" duration-ms="218" started-at="2018-02-17T15:12:03Z" finished-at="2018-02-17T15:12:04Z">
          <reporter-output>
          </reporter-output>
        </test-method> <!-- tearDown -->
      </class> <!-- com.qa.crm.tests.HomePageTest -->
      <class name="com.qa.crm.tests.LoginPageTests">
        <test-method status="PASS" signature="setUp()[pri:0, instance:com.qa.crm.tests.LoginPageTests@6a41eaa2]" name="setUp" is-config="true" duration-ms="12070" started-at="2018-02-17T15:11:23Z" finished-at="2018-02-17T15:11:35Z">
          <reporter-output>
          </reporter-output>
        </test-method> <!-- setUp -->
        <test-method status="PASS" signature="login()[pri:1, instance:com.qa.crm.tests.LoginPageTests@6a41eaa2]" name="login" duration-ms="6698" started-at="2018-02-17T15:11:35Z" finished-at="2018-02-17T15:11:41Z">
          <reporter-output>
          </reporter-output>
        </test-method> <!-- login -->
        <test-method status="PASS" signature="tearDown()[pri:0, instance:com.qa.crm.tests.LoginPageTests@6a41eaa2]" name="tearDown" is-config="true" duration-ms="789" started-at="2018-02-17T15:11:41Z" finished-at="2018-02-17T15:11:42Z">
          <reporter-output>
          </reporter-output>
        </test-method> <!-- tearDown -->
      </class> <!-- com.qa.crm.tests.LoginPageTests -->
    </test> <!-- Smoke Testing -->
  </suite> <!-- Free CRM Automation Testing Suite -->
</testng-results>
