<?xml version="1.0" encoding="UTF-8"?>
<testng-results skipped="0" failed="0" ignored="0" total="1" passed="1">
  <reporter-output>
  </reporter-output>
  <suite name="Default suite" duration-ms="32372" started-at="2018-05-15T07:25:16Z" finished-at="2018-05-15T07:25:48Z">
    <groups>
    </groups>
    <test name="Default test" duration-ms="32372" started-at="2018-05-15T07:25:16Z" finished-at="2018-05-15T07:25:48Z">
      <class name="com.qa.crm.tests.LoginPageTests">
        <test-method status="PASS" signature="setUp()[pri:0, instance:com.qa.crm.tests.LoginPageTests@685cb137]" name="setUp" is-config="true" duration-ms="22568" started-at="2018-05-15T07:25:16Z" finished-at="2018-05-15T07:25:38Z">
          <reporter-output>
          </reporter-output>
        </test-method> <!-- setUp -->
        <test-method status="PASS" signature="login()[pri:1, instance:com.qa.crm.tests.LoginPageTests@685cb137]" name="login" duration-ms="8908" started-at="2018-05-15T07:25:38Z" finished-at="2018-05-15T07:25:47Z">
          <reporter-output>
          </reporter-output>
        </test-method> <!-- login -->
        <test-method status="PASS" signature="tearDown()[pri:0, instance:com.qa.crm.tests.LoginPageTests@685cb137]" name="tearDown" is-config="true" duration-ms="862" started-at="2018-05-15T07:25:47Z" finished-at="2018-05-15T07:25:48Z">
          <reporter-output>
          </reporter-output>
        </test-method> <!-- tearDown -->
      </class> <!-- com.qa.crm.tests.LoginPageTests -->
    </test> <!-- Default test -->
  </suite> <!-- Default suite -->
</testng-results>
